Using pre-set license
Built from '6000.0/staging' branch; Version is '6000.0.36f1 (9fe3b5f71dbb) revision 10478517'; Using compiler version '193933523'; Build Type 'Release'
OS: 'Windows 11  (10.0.26100) 64bit Professional' Language: 'es' Physical Memory: 15610 MB
BatchMode: 1, IsHumanControllingUs: 0, StartBugReporterOnCrash: 0, Is64bit: 1, IsPro: 1

COMMAND LINE ARGUMENTS:
C:\Program Files\Unity\Hub\Editor\6000.0.36f1\Editor\Unity.exe
-adb2
-batchMode
-noUpm
-name
AssetImportWorker4
-projectPath
C:/Users/talva/Documents/Proyectos2/Proyectos2/Proyectos 2 Microproyecto
-logFile
Logs/AssetImportWorker4.log
-srvPort
57663
-job-worker-count
7
-background-job-worker-count
8
-gc-helper-count
1
Successfully changed project path to: C:/Users/talva/Documents/Proyectos2/Proyectos2/Proyectos 2 Microproyecto
C:/Users/talva/Documents/Proyectos2/Proyectos2/Proyectos 2 Microproyecto
[UnityMemory] Configuration Parameters - Can be set up in boot.config
    "memorysetup-bucket-allocator-granularity=16"
    "memorysetup-bucket-allocator-bucket-count=8"
    "memorysetup-bucket-allocator-block-size=33554432"
    "memorysetup-bucket-allocator-block-count=8"
    "memorysetup-main-allocator-block-size=16777216"
    "memorysetup-thread-allocator-block-size=16777216"
    "memorysetup-gfx-main-allocator-block-size=16777216"
    "memorysetup-gfx-thread-allocator-block-size=16777216"
    "memorysetup-cache-allocator-block-size=4194304"
    "memorysetup-typetree-allocator-block-size=2097152"
    "memorysetup-profiler-bucket-allocator-granularity=16"
    "memorysetup-profiler-bucket-allocator-bucket-count=8"
    "memorysetup-profiler-bucket-allocator-block-size=33554432"
    "memorysetup-profiler-bucket-allocator-block-count=8"
    "memorysetup-profiler-allocator-block-size=16777216"
    "memorysetup-profiler-editor-allocator-block-size=1048576"
    "memorysetup-temp-allocator-size-main=16777216"
    "memorysetup-job-temp-allocator-block-size=2097152"
    "memorysetup-job-temp-allocator-block-size-background=1048576"
    "memorysetup-job-temp-allocator-reduction-small-platforms=262144"
    "memorysetup-allocator-temp-initial-block-size-main=262144"
    "memorysetup-allocator-temp-initial-block-size-worker=262144"
    "memorysetup-temp-allocator-size-background-worker=32768"
    "memorysetup-temp-allocator-size-job-worker=262144"
    "memorysetup-temp-allocator-size-preload-manager=33554432"
    "memorysetup-temp-allocator-size-nav-mesh-worker=65536"
    "memorysetup-temp-allocator-size-audio-worker=65536"
    "memorysetup-temp-allocator-size-cloud-worker=32768"
    "memorysetup-temp-allocator-size-gi-baking-worker=262144"
    "memorysetup-temp-allocator-size-gi-baking-worker=262144"
    "memorysetup-temp-allocator-size-gi-baking-worker=262144"
    "memorysetup-temp-allocator-size-gi-baking-worker=262144"
    "memorysetup-temp-allocator-size-gi-baking-worker=262144"
    "memorysetup-temp-allocator-size-gfx=262144"
Player connection [15072]  Target information:

Player connection [15072]  * "[IP] 10.186.194.153 [Port] 0 [Flags] 2 [Guid] 1491607544 [EditorId] 1491607544 [Version] 1048832 [Id] WindowsEditor(7,Talvarezubi) [Debug] 1 [PackageName] WindowsEditor [ProjectName] Editor" 

Player connection [15072] Host joined multi-casting on [225.0.0.222:54997]...
Player connection [15072] Host joined alternative multi-casting on [225.0.0.222:34997]...
JobSystem: Creating JobQueue using job-worker-count value 7
Input System module state changed to: Initialized.
[Physics::Module] Initialized fallback backend.
[Physics::Module] Id: 0xdecafbad
Library Redirect Path: Library/
[Physics::Module] Selected backend.
[Physics::Module] Name: PhysX
[Physics::Module] Id: 0xf2b8ea05
[Physics::Module] SDK Version: 4.1.2
[Physics::Module] Integration Version: 1.0.0
[Physics::Module] Threading Mode: Multi-Threaded
Refreshing native plugins compatible for Editor in 2.11 ms, found 3 plugins.
Preloading 0 native plugins for Editor in 0.00 ms.
Initialize engine version: 6000.0.36f1 (9fe3b5f71dbb)
[Subsystems] Discovering subsystems at path C:/Program Files/Unity/Hub/Editor/6000.0.36f1/Editor/Data/Resources/UnitySubsystems
[Subsystems] Discovering subsystems at path C:/Users/talva/Documents/Proyectos2/Proyectos2/Proyectos 2 Microproyecto/Assets
GfxDevice: creating device client; kGfxThreadingModeNonThreaded
Direct3D:
    Version:  Direct3D 11.0 [level 11.1]
    Renderer: NVIDIA GeForce RTX 4060 Laptop GPU (ID=0x28e0)
    Vendor:   NVIDIA
    VRAM:     7957 MB
    Driver:   32.0.15.6636
Initialize mono
Mono path[0] = 'C:/Program Files/Unity/Hub/Editor/6000.0.36f1/Editor/Data/Managed'
Mono path[1] = 'C:/Program Files/Unity/Hub/Editor/6000.0.36f1/Editor/Data/MonoBleedingEdge/lib/mono/unityjit-win32'
Mono config path = 'C:/Program Files/Unity/Hub/Editor/6000.0.36f1/Editor/Data/MonoBleedingEdge/etc'
Using monoOptions --debugger-agent=transport=dt_socket,embedding=1,server=y,suspend=n,address=127.0.0.1:56628
Begin MonoManager ReloadAssembly
Registering precompiled unity dll's ...
Register platform support module: C:/Program Files/Unity/Hub/Editor/6000.0.36f1/Editor/Data/PlaybackEngines/WebGLSupport/UnityEditor.WebGL.Extensions.dll
Register platform support module: C:/Program Files/Unity/Hub/Editor/6000.0.36f1/Editor/Data/PlaybackEngines/WindowsStandaloneSupport/UnityEditor.WindowsStandalone.Extensions.dll
Registered in 0.004605 seconds.
- Loaded All Assemblies, in  0.404 seconds
Native extension for WindowsStandalone target not found
Native extension for WebGL target not found
Mono: successfully reloaded assembly
- Finished resetting the current domain, in  0.302 seconds
Domain Reload Profiling: 702ms
	BeginReloadAssembly (133ms)
		ExecutionOrderSort (0ms)
		DisableScriptedObjects (0ms)
		BackupInstance (0ms)
		ReleaseScriptingObjects (0ms)
		CreateAndSetChildDomain (1ms)
	RebuildCommonClasses (41ms)
	RebuildNativeTypeToScriptingClass (10ms)
	initialDomainReloadingComplete (56ms)
	LoadAllAssembliesAndSetupDomain (159ms)
		LoadAssemblies (128ms)
		RebuildTransferFunctionScriptingTraits (0ms)
		AnalyzeDomain (156ms)
			TypeCache.Refresh (155ms)
				TypeCache.ScanAssembly (143ms)
			BuildScriptInfoCaches (0ms)
			ResolveRequiredComponents (0ms)
	FinalizeReload (303ms)
		ReleaseScriptCaches (0ms)
		RebuildScriptCaches (0ms)
		SetupLoadedEditorAssemblies (260ms)
			LogAssemblyErrors (0ms)
			InitializePlatformSupportModulesInManaged (25ms)
			SetLoadedEditorAssemblies (5ms)
			BeforeProcessingInitializeOnLoad (49ms)
			ProcessInitializeOnLoadAttributes (133ms)
			ProcessInitializeOnLoadMethodAttributes (48ms)
			AfterProcessingInitializeOnLoad (0ms)
			EditorAssembliesLoaded (0ms)
		ExecutionOrderSort2 (0ms)
		AwakeInstancesAfterBackupRestoration (0ms)
Assembly reference Packages/com.unity.cinemachine/Editor/Samples/ExposeHDRPInternals/HDRP-Editor-ref.asmref has no target assembly definition
========================================================================
Worker process is ready to serve import requests
Import Worker Mode flag is 0x00
Assembly reference Packages/com.unity.cinemachine/Editor/Samples/ExposeHDRPInternals/HDRP-Editor-ref.asmref has no target assembly definition
Assembly reference Packages/com.unity.cinemachine/Editor/Samples/ExposeHDRPInternals/HDRP-Editor-ref.asmref has no target assembly definition
Begin MonoManager ReloadAssembly
- Loaded All Assemblies, in  0.709 seconds
Assembly reference Packages/com.unity.cinemachine/Editor/Samples/ExposeHDRPInternals/HDRP-Editor-ref.asmref has no target assembly definition
'Packages/com.unity.cinemachine/Editor/Obsolete/CinemachineVirtualCameraBaseEditor.cs' contains partial class of Unity.Object, exactly 1 of the partial classes needs to be in a file with the same filename. This is to know the one that can be referenced from ie. GameObjects
'Packages/com.unity.cinemachine/Editor/Editors/CinemachineVirtualCameraBaseEditor.cs' contains partial class of Unity.Object, exactly 1 of the partial classes needs to be in a file with the same filename. This is to know the one that can be referenced from ie. GameObjects
Refreshing native plugins compatible for Editor in 1.48 ms, found 3 plugins.
Native extension for WindowsStandalone target not found
Native extension for WebGL target not found
Assembly reference Packages/com.unity.cinemachine/Editor/Samples/ExposeHDRPInternals/HDRP-Editor-ref.asmref has no target assembly definition
Package Manager log level set to [2]
[Package Manager] Failed to launch server process. Reason: Unity was launched with the -noUpm command-line argument
[Package Manager] Unable to send message (not connected to server process).
[Package Manager] Cannot connect to Unity Package Manager local server
Mono: successfully reloaded assembly
- Finished resetting the current domain, in  0.769 seconds
Domain Reload Profiling: 1473ms
	BeginReloadAssembly (154ms)
		ExecutionOrderSort (0ms)
		DisableScriptedObjects (7ms)
		BackupInstance (0ms)
		ReleaseScriptingObjects (0ms)
		CreateAndSetChildDomain (28ms)
	RebuildCommonClasses (31ms)
	RebuildNativeTypeToScriptingClass (10ms)
	initialDomainReloadingComplete (39ms)
	LoadAllAssembliesAndSetupDomain (469ms)
		LoadAssemblies (336ms)
		RebuildTransferFunctionScriptingTraits (0ms)
		AnalyzeDomain (223ms)
			TypeCache.Refresh (160ms)
				TypeCache.ScanAssembly (147ms)
			BuildScriptInfoCaches (51ms)
			ResolveRequiredComponents (10ms)
	FinalizeReload (770ms)
		ReleaseScriptCaches (0ms)
		RebuildScriptCaches (0ms)
		SetupLoadedEditorAssemblies (617ms)
			LogAssemblyErrors (0ms)
			InitializePlatformSupportModulesInManaged (3ms)
			SetLoadedEditorAssemblies (4ms)
			BeforeProcessingInitializeOnLoad (103ms)
			ProcessInitializeOnLoadAttributes (408ms)
			ProcessInitializeOnLoadMethodAttributes (91ms)
			AfterProcessingInitializeOnLoad (7ms)
			EditorAssembliesLoaded (0ms)
		ExecutionOrderSort2 (0ms)
		AwakeInstancesAfterBackupRestoration (6ms)
Launched and connected shader compiler UnityShaderCompiler.exe after 0.01 seconds
Refreshing native plugins compatible for Editor in 2.08 ms, found 3 plugins.
Preloading 0 native plugins for Editor in 0.00 ms.
Unloading 204 Unused Serialized files (Serialized files now loaded: 0)
Unloading 6374 unused Assets / (6.9 MB). Loaded Objects now: 7024.
Memory consumption went from 162.1 MB to 155.2 MB.
Total: 10.609500 ms (FindLiveObjects: 0.647900 ms CreateObjectMapping: 0.511500 ms MarkObjects: 5.578100 ms  DeleteObjects: 3.870600 ms)

========================================================================
Received Import Request.
  Time since last request: 330063.668211 seconds.
  path: Assets/ZerinLabs_enviroKit_RetroForest/Prefabs/Forest_arch_varC/arch_floorEdge_4vert_VarC.prefab
  artifactKey: Guid(a6518e4836698d24db41f50eb5363b0b) Importer(815301076,1909f56bfc062723c751e8b465ee728b)
Start importing Assets/ZerinLabs_enviroKit_RetroForest/Prefabs/Forest_arch_varC/arch_floorEdge_4vert_VarC.prefab using Guid(a6518e4836698d24db41f50eb5363b0b) Importer(815301076,1909f56bfc062723c751e8b465ee728b) (PreviewImporter) -> (artifact id: '8b5ff586e216a58e170a6ce31771efec') in 0.5190264 seconds
Number of updated asset objects reloaded before import = 0Number of asset objects unloaded after import = 11

========================================================================
Received Import Request.
  Time since last request: 0.487442 seconds.
  path: Assets/ZerinLabs_enviroKit_RetroForest/Prefabs/Forest_arch_varC/arch_wall_edgeAll_VarC.prefab
  artifactKey: Guid(b09aa2fbdf6552045a261444a0b55f5b) Importer(815301076,1909f56bfc062723c751e8b465ee728b)
Start importing Assets/ZerinLabs_enviroKit_RetroForest/Prefabs/Forest_arch_varC/arch_wall_edgeAll_VarC.prefab using Guid(b09aa2fbdf6552045a261444a0b55f5b) Importer(815301076,1909f56bfc062723c751e8b465ee728b) (PreviewImporter) -> (artifact id: 'b535f8481d7f37c74ca0d83fb5d81c59') in 0.0179104 seconds
Number of updated asset objects reloaded before import = 0Number of asset objects unloaded after import = 9

========================================================================
Received Import Request.
  Time since last request: 0.000023 seconds.
  path: Assets/ZerinLabs_enviroKit_RetroForest/Prefabs/Forest_arch_varC/arch_wallBottom_cornerOut_VarC.prefab
  artifactKey: Guid(41530d79493247c4abb881c71839e84e) Importer(815301076,1909f56bfc062723c751e8b465ee728b)
Start importing Assets/ZerinLabs_enviroKit_RetroForest/Prefabs/Forest_arch_varC/arch_wallBottom_cornerOut_VarC.prefab using Guid(41530d79493247c4abb881c71839e84e) Importer(815301076,1909f56bfc062723c751e8b465ee728b) (PreviewImporter) -> (artifact id: 'e362a7acee76f2a2666d3b0dbb57fcc5') in 0.0168087 seconds
Number of updated asset objects reloaded before import = 0Number of asset objects unloaded after import = 9

========================================================================
Received Import Request.
  Time since last request: 0.000021 seconds.
  path: Assets/ZerinLabs_enviroKit_RetroForest/Prefabs/Forest_arch_varC/arch_wallHole_2walls_B_VarC.prefab
  artifactKey: Guid(30864552ad6ee2f4b8beecbbaa2c0a05) Importer(815301076,1909f56bfc062723c751e8b465ee728b)
Start importing Assets/ZerinLabs_enviroKit_RetroForest/Prefabs/Forest_arch_varC/arch_wallHole_2walls_B_VarC.prefab using Guid(30864552ad6ee2f4b8beecbbaa2c0a05) Importer(815301076,1909f56bfc062723c751e8b465ee728b) (PreviewImporter) -> (artifact id: 'b4eaacacf6309b2d7175b0df635c3bfe') in 0.0144203 seconds
Number of updated asset objects reloaded before import = 0Number of asset objects unloaded after import = 9

========================================================================
Received Import Request.
  Time since last request: 0.000027 seconds.
  path: Assets/ZerinLabs_enviroKit_RetroForest/Prefabs/Forest_arch_varC/arch_wallHole_3walls_A_VarC.prefab
  artifactKey: Guid(cc0059cc87da70e4498e90bb08508615) Importer(815301076,1909f56bfc062723c751e8b465ee728b)
Start importing Assets/ZerinLabs_enviroKit_RetroForest/Prefabs/Forest_arch_varC/arch_wallHole_3walls_A_VarC.prefab using Guid(cc0059cc87da70e4498e90bb08508615) Importer(815301076,1909f56bfc062723c751e8b465ee728b) (PreviewImporter) -> (artifact id: 'a7ab9a3d8fee52b63efa9151c1cef2b6') in 0.0173437 seconds
Number of updated asset objects reloaded before import = 0Number of asset objects unloaded after import = 9

========================================================================
Received Import Request.
  Time since last request: 0.000030 seconds.
  path: Assets/ZerinLabs_enviroKit_RetroForest/Prefabs/Forest_arch_varC/arch_wallMini_B_VarC.prefab
  artifactKey: Guid(6502b153f5e0e5f49be78a7207247e16) Importer(815301076,1909f56bfc062723c751e8b465ee728b)
Start importing Assets/ZerinLabs_enviroKit_RetroForest/Prefabs/Forest_arch_varC/arch_wallMini_B_VarC.prefab using Guid(6502b153f5e0e5f49be78a7207247e16) Importer(815301076,1909f56bfc062723c751e8b465ee728b) (PreviewImporter) -> (artifact id: 'e9b750747f3497f7ac457e335b8d6461') in 0.0199785 seconds
Number of updated asset objects reloaded before import = 0Number of asset objects unloaded after import = 9

========================================================================
Received Import Request.
  Time since last request: 0.000020 seconds.
  path: Assets/ZerinLabs_enviroKit_RetroForest/Prefabs/Forest_arch_varC/arch_waterfloorEdge_1vert_VarC.prefab
  artifactKey: Guid(eac9fccea7f4b6c418a9af92243f8775) Importer(815301076,1909f56bfc062723c751e8b465ee728b)
Start importing Assets/ZerinLabs_enviroKit_RetroForest/Prefabs/Forest_arch_varC/arch_waterfloorEdge_1vert_VarC.prefab using Guid(eac9fccea7f4b6c418a9af92243f8775) Importer(815301076,1909f56bfc062723c751e8b465ee728b) (PreviewImporter) -> (artifact id: 'f38f4f2192c3d0a643583ed77cd5a7f6') in 0.0193749 seconds
Number of updated asset objects reloaded before import = 0Number of asset objects unloaded after import = 9

========================================================================
Received Import Request.
  Time since last request: 0.000034 seconds.
  path: Assets/ZerinLabs_enviroKit_RetroForest/Prefabs/Forest_arch_varC/arch_waterfloorEdge_2vert_VarC.prefab
  artifactKey: Guid(8eeb139683287694b8aff785dbd18318) Importer(815301076,1909f56bfc062723c751e8b465ee728b)
Start importing Assets/ZerinLabs_enviroKit_RetroForest/Prefabs/Forest_arch_varC/arch_waterfloorEdge_2vert_VarC.prefab using Guid(8eeb139683287694b8aff785dbd18318) Importer(815301076,1909f56bfc062723c751e8b465ee728b) (PreviewImporter) -> (artifact id: '4844ed966f53f517e9d26041c3bb1579') in 0.0209417 seconds
Number of updated asset objects reloaded before import = 0Number of asset objects unloaded after import = 9

========================================================================
Received Import Request.
  Time since last request: 0.000023 seconds.
  path: Assets/ZerinLabs_enviroKit_RetroForest/Prefabs/Forest_arch_varC/arch_waterfloorEdge_1line_1vertB_VarC.prefab
  artifactKey: Guid(d25344d3c82ed6b408e8bb3dbdc4774d) Importer(815301076,1909f56bfc062723c751e8b465ee728b)
Start importing Assets/ZerinLabs_enviroKit_RetroForest/Prefabs/Forest_arch_varC/arch_waterfloorEdge_1line_1vertB_VarC.prefab using Guid(d25344d3c82ed6b408e8bb3dbdc4774d) Importer(815301076,1909f56bfc062723c751e8b465ee728b) (PreviewImporter) -> (artifact id: '9e756ed1fc96c4364089f2b19c9717c3') in 0.0208385 seconds
Number of updated asset objects reloaded before import = 0Number of asset objects unloaded after import = 9

========================================================================
Received Import Request.
  Time since last request: 0.000026 seconds.
  path: Assets/ZerinLabs_enviroKit_RetroForest/Prefabs/Forest_arch_varC/arch_wallHole_2wallVar_B_VarC.prefab
  artifactKey: Guid(c61955d7c6f29a44a936cc89214d1a65) Importer(815301076,1909f56bfc062723c751e8b465ee728b)
Start importing Assets/ZerinLabs_enviroKit_RetroForest/Prefabs/Forest_arch_varC/arch_wallHole_2wallVar_B_VarC.prefab using Guid(c61955d7c6f29a44a936cc89214d1a65) Importer(815301076,1909f56bfc062723c751e8b465ee728b) (PreviewImporter) -> (artifact id: '520dbbf076fb12e2ac6c1dc0d651a9ec') in 0.0186176 seconds
Number of updated asset objects reloaded before import = 0Number of asset objects unloaded after import = 9

========================================================================
Received Import Request.
  Time since last request: 0.000036 seconds.
  path: Assets/ZerinLabs_enviroKit_RetroForest/Prefabs/Forest_arch_varC/arch_waterfloorEdge_4lines_VarC.prefab
  artifactKey: Guid(840c1a483b6ffcf499289e67c2d761a2) Importer(815301076,1909f56bfc062723c751e8b465ee728b)
Start importing Assets/ZerinLabs_enviroKit_RetroForest/Prefabs/Forest_arch_varC/arch_waterfloorEdge_4lines_VarC.prefab using Guid(840c1a483b6ffcf499289e67c2d761a2) Importer(815301076,1909f56bfc062723c751e8b465ee728b) (PreviewImporter) -> (artifact id: 'ef4c20f5e8a798529d374d84a44c68da') in 0.0214397 seconds
Number of updated asset objects reloaded before import = 0Number of asset objects unloaded after import = 9

========================================================================
Received Import Request.
  Time since last request: 17.780651 seconds.
  path: Assets/ZerinLabs_enviroKit_RetroForest/Prefabs/Forest_arch_varC/arch_floor_A_VarC.prefab
  artifactKey: Guid(5ab582fa3294e9b41b78359a6681428c) Importer(815301076,1909f56bfc062723c751e8b465ee728b)
Start importing Assets/ZerinLabs_enviroKit_RetroForest/Prefabs/Forest_arch_varC/arch_floor_A_VarC.prefab using Guid(5ab582fa3294e9b41b78359a6681428c) Importer(815301076,1909f56bfc062723c751e8b465ee728b) (PreviewImporter) -> (artifact id: 'f365df8f3913f006abe67a69bd0e5648') in 0.0359526 seconds
Number of updated asset objects reloaded before import = 0Number of asset objects unloaded after import = 9

========================================================================
Received Import Request.
  Time since last request: 0.136304 seconds.
  path: Assets/ZerinLabs_enviroKit_RetroForest/Prefabs/Forest_arch_varC/arch_floor_A_VarC.prefab
  artifactKey: Guid(5ab582fa3294e9b41b78359a6681428c) Importer(815301076,1909f56bfc062723c751e8b465ee728b)
Start importing Assets/ZerinLabs_enviroKit_RetroForest/Prefabs/Forest_arch_varC/arch_floor_A_VarC.prefab using Guid(5ab582fa3294e9b41b78359a6681428c) Importer(815301076,1909f56bfc062723c751e8b465ee728b) (PreviewImporter) -> (artifact id: '516c9b6d2a4464b1c8215db48c906b4a') in 0.0540327 seconds
Number of updated asset objects reloaded before import = 0Number of asset objects unloaded after import = 9

========================================================================
Received Import Request.
  Time since last request: 0.000025 seconds.
  path: Assets/ZerinLabs_enviroKit_RetroForest/Prefabs/Forest_arch_varC/arch_floorEdge_3lines_VarC.prefab
  artifactKey: Guid(964c7d91f1241c147a9ca65225597f56) Importer(815301076,1909f56bfc062723c751e8b465ee728b)
Start importing Assets/ZerinLabs_enviroKit_RetroForest/Prefabs/Forest_arch_varC/arch_floorEdge_3lines_VarC.prefab using Guid(964c7d91f1241c147a9ca65225597f56) Importer(815301076,1909f56bfc062723c751e8b465ee728b) (PreviewImporter) -> (artifact id: '29dcd13b443ca3fb94e23b139beeb32c') in 0.0397314 seconds
Number of updated asset objects reloaded before import = 0Number of asset objects unloaded after import = 9

========================================================================
Received Import Request.
  Time since last request: 0.000026 seconds.
  path: Assets/ZerinLabs_enviroKit_RetroForest/Prefabs/Forest_arch_varC/arch_floorEdge_3vert_VarC.prefab
  artifactKey: Guid(775d4ceb33ff38a4590a9f16afd4bf8d) Importer(815301076,1909f56bfc062723c751e8b465ee728b)
Start importing Assets/ZerinLabs_enviroKit_RetroForest/Prefabs/Forest_arch_varC/arch_floorEdge_3vert_VarC.prefab using Guid(775d4ceb33ff38a4590a9f16afd4bf8d) Importer(815301076,1909f56bfc062723c751e8b465ee728b) (PreviewImporter) -> (artifact id: '9275f474c19a2ab4dd297de8e89a68c8') in 0.0293825 seconds
Number of updated asset objects reloaded before import = 0Number of asset objects unloaded after import = 9

========================================================================
Received Import Request.
  Time since last request: 0.000034 seconds.
  path: Assets/ZerinLabs_enviroKit_RetroForest/Prefabs/Forest_arch_varC/arch_wall_cornerInCap_AB_VarC.prefab
  artifactKey: Guid(9ba216d6aff6c9c4392a982076ad9dea) Importer(815301076,1909f56bfc062723c751e8b465ee728b)
Start importing Assets/ZerinLabs_enviroKit_RetroForest/Prefabs/Forest_arch_varC/arch_wall_cornerInCap_AB_VarC.prefab using Guid(9ba216d6aff6c9c4392a982076ad9dea) Importer(815301076,1909f56bfc062723c751e8b465ee728b) (PreviewImporter) -> (artifact id: 'bd7b8e3a34ac21377704ed2177a73596') in 0.0194761 seconds
Number of updated asset objects reloaded before import = 0Number of asset objects unloaded after import = 9

========================================================================
Received Import Request.
  Time since last request: 0.000024 seconds.
  path: Assets/ZerinLabs_enviroKit_RetroForest/Prefabs/Forest_arch_varC/arch_floorEdge_2lines_VarC.prefab
  artifactKey: Guid(88bf547ee676c4947a10303843ec6ef2) Importer(815301076,1909f56bfc062723c751e8b465ee728b)
Start importing Assets/ZerinLabs_enviroKit_RetroForest/Prefabs/Forest_arch_varC/arch_floorEdge_2lines_VarC.prefab using Guid(88bf547ee676c4947a10303843ec6ef2) Importer(815301076,1909f56bfc062723c751e8b465ee728b) (PreviewImporter) -> (artifact id: '0c534c5ed6d68cf53e6f5a8a37b5bea4') in 0.0179915 seconds
Number of updated asset objects reloaded before import = 0Number of asset objects unloaded after import = 9

========================================================================
Received Import Request.
  Time since last request: 0.000021 seconds.
  path: Assets/ZerinLabs_enviroKit_RetroForest/Prefabs/Forest_arch_varC/arch_wall_cornerInOut_VarC.prefab
  artifactKey: Guid(e12859b9cc4c8124c883108f508b2e69) Importer(815301076,1909f56bfc062723c751e8b465ee728b)
Start importing Assets/ZerinLabs_enviroKit_RetroForest/Prefabs/Forest_arch_varC/arch_wall_cornerInOut_VarC.prefab using Guid(e12859b9cc4c8124c883108f508b2e69) Importer(815301076,1909f56bfc062723c751e8b465ee728b) (PreviewImporter) -> (artifact id: '53ae8218a6eeb641ee0c4be002f02049') in 0.020163 seconds
Number of updated asset objects reloaded before import = 0Number of asset objects unloaded after import = 9

========================================================================
Received Import Request.
  Time since last request: 0.000053 seconds.
  path: Assets/ZerinLabs_enviroKit_RetroForest/Prefabs/Forest_arch_varC/arch_floorEdge_2vert_alt_VarC.prefab
  artifactKey: Guid(97589b3364c4adb4ab588915474842d4) Importer(815301076,1909f56bfc062723c751e8b465ee728b)
Start importing Assets/ZerinLabs_enviroKit_RetroForest/Prefabs/Forest_arch_varC/arch_floorEdge_2vert_alt_VarC.prefab using Guid(97589b3364c4adb4ab588915474842d4) Importer(815301076,1909f56bfc062723c751e8b465ee728b) (PreviewImporter) -> (artifact id: 'fb3d09f5ba58d85642d43a48918fdff8') in 0.0182918 seconds
Number of updated asset objects reloaded before import = 0Number of asset objects unloaded after import = 9

========================================================================
Received Import Request.
  Time since last request: 0.000026 seconds.
  path: Assets/ZerinLabs_enviroKit_RetroForest/Prefabs/Forest_arch_varC/arch_floorEdge_1line_2vert_VarC.prefab
  artifactKey: Guid(5db571422126dcc4eadd2b3223a6c2e7) Importer(815301076,1909f56bfc062723c751e8b465ee728b)
Start importing Assets/ZerinLabs_enviroKit_RetroForest/Prefabs/Forest_arch_varC/arch_floorEdge_1line_2vert_VarC.prefab using Guid(5db571422126dcc4eadd2b3223a6c2e7) Importer(815301076,1909f56bfc062723c751e8b465ee728b) (PreviewImporter) -> (artifact id: 'a11241839e41bd4bf1801e03d13bb3ef') in 0.0182979 seconds
Number of updated asset objects reloaded before import = 0Number of asset objects unloaded after import = 9

========================================================================
Received Import Request.
  Time since last request: 0.000036 seconds.
  path: Assets/ZerinLabs_enviroKit_RetroForest/Prefabs/Forest_arch_varC/arch_wall_edge_A_VarC.prefab
  artifactKey: Guid(35c87d2c5dc7e5d4793a92f9109d79e8) Importer(815301076,1909f56bfc062723c751e8b465ee728b)
Start importing Assets/ZerinLabs_enviroKit_RetroForest/Prefabs/Forest_arch_varC/arch_wall_edge_A_VarC.prefab using Guid(35c87d2c5dc7e5d4793a92f9109d79e8) Importer(815301076,1909f56bfc062723c751e8b465ee728b) (PreviewImporter) -> (artifact id: 'd890f8ce38860d61881539c098496395') in 0.0189781 seconds
Number of updated asset objects reloaded before import = 0Number of asset objects unloaded after import = 9

========================================================================
Received Import Request.
  Time since last request: 1.157645 seconds.
  path: Assets/ZerinLabs_enviroKit_RetroForest/Prefabs/Forest_arch_varC/arch_wall_edgeAll_VarC.prefab
  artifactKey: Guid(b09aa2fbdf6552045a261444a0b55f5b) Importer(815301076,1909f56bfc062723c751e8b465ee728b)
Start importing Assets/ZerinLabs_enviroKit_RetroForest/Prefabs/Forest_arch_varC/arch_wall_edgeAll_VarC.prefab using Guid(b09aa2fbdf6552045a261444a0b55f5b) Importer(815301076,1909f56bfc062723c751e8b465ee728b) (PreviewImporter) -> (artifact id: 'b3db66ca4e4181f27cc5acd7cd3f0935') in 0.0197187 seconds
Number of updated asset objects reloaded before import = 0Number of asset objects unloaded after import = 9

========================================================================
Received Import Request.
  Time since last request: 0.000020 seconds.
  path: Assets/ZerinLabs_enviroKit_RetroForest/Prefabs/Forest_arch_varC/arch_wallHole_1wall_B_VarC.prefab
  artifactKey: Guid(6d0a00bbbd28d2b4d82ccc2444d8853a) Importer(815301076,1909f56bfc062723c751e8b465ee728b)
Start importing Assets/ZerinLabs_enviroKit_RetroForest/Prefabs/Forest_arch_varC/arch_wallHole_1wall_B_VarC.prefab using Guid(6d0a00bbbd28d2b4d82ccc2444d8853a) Importer(815301076,1909f56bfc062723c751e8b465ee728b) (PreviewImporter) -> (artifact id: '9ca9624ee1e1df12b8019f7671bf1bc1') in 0.0185132 seconds
Number of updated asset objects reloaded before import = 0Number of asset objects unloaded after import = 9

========================================================================
Received Import Request.
  Time since last request: 0.000024 seconds.
  path: Assets/ZerinLabs_enviroKit_RetroForest/Prefabs/Forest_arch_varC/arch_wallBottom_cornerOut_VarC.prefab
  artifactKey: Guid(41530d79493247c4abb881c71839e84e) Importer(815301076,1909f56bfc062723c751e8b465ee728b)
Start importing Assets/ZerinLabs_enviroKit_RetroForest/Prefabs/Forest_arch_varC/arch_wallBottom_cornerOut_VarC.prefab using Guid(41530d79493247c4abb881c71839e84e) Importer(815301076,1909f56bfc062723c751e8b465ee728b) (PreviewImporter) -> (artifact id: '1f791a941ff5ac5b44e1cabfed0e69a6') in 0.0181114 seconds
Number of updated asset objects reloaded before import = 0Number of asset objects unloaded after import = 9

========================================================================
Received Import Request.
  Time since last request: 0.037955 seconds.
  path: Assets/ZerinLabs_enviroKit_RetroForest/Prefabs/Forest_arch_varC/arch_wallHole_2wallVar_B_VarC.prefab
  artifactKey: Guid(c61955d7c6f29a44a936cc89214d1a65) Importer(815301076,1909f56bfc062723c751e8b465ee728b)
Start importing Assets/ZerinLabs_enviroKit_RetroForest/Prefabs/Forest_arch_varC/arch_wallHole_2wallVar_B_VarC.prefab using Guid(c61955d7c6f29a44a936cc89214d1a65) Importer(815301076,1909f56bfc062723c751e8b465ee728b) (PreviewImporter) -> (artifact id: '65cda1d9b9222aa2c041e37f092a4735') in 0.0187161 seconds
Number of updated asset objects reloaded before import = 0Number of asset objects unloaded after import = 9

========================================================================
Received Import Request.
  Time since last request: 0.000023 seconds.
  path: Assets/ZerinLabs_enviroKit_RetroForest/Prefabs/Forest_arch_varC/arch_wallMini_B_VarC.prefab
  artifactKey: Guid(6502b153f5e0e5f49be78a7207247e16) Importer(815301076,1909f56bfc062723c751e8b465ee728b)
Start importing Assets/ZerinLabs_enviroKit_RetroForest/Prefabs/Forest_arch_varC/arch_wallMini_B_VarC.prefab using Guid(6502b153f5e0e5f49be78a7207247e16) Importer(815301076,1909f56bfc062723c751e8b465ee728b) (PreviewImporter) -> (artifact id: '8b3e69d5996eb5d4d6089bc661b92084') in 0.0185389 seconds
Number of updated asset objects reloaded before import = 0Number of asset objects unloaded after import = 9

========================================================================
Received Import Request.
  Time since last request: 0.000024 seconds.
  path: Assets/ZerinLabs_enviroKit_RetroForest/Prefabs/Forest_arch_varC/arch_waterfloor_A_VarC.prefab
  artifactKey: Guid(69179d4733fa4bb4fb4527fb1f09c81c) Importer(815301076,1909f56bfc062723c751e8b465ee728b)
Start importing Assets/ZerinLabs_enviroKit_RetroForest/Prefabs/Forest_arch_varC/arch_waterfloor_A_VarC.prefab using Guid(69179d4733fa4bb4fb4527fb1f09c81c) Importer(815301076,1909f56bfc062723c751e8b465ee728b) (PreviewImporter) -> (artifact id: 'e9713190512498616d3ac3f6e2b5b55c') in 0.0164208 seconds
Number of updated asset objects reloaded before import = 0Number of asset objects unloaded after import = 9

========================================================================
Received Import Request.
  Time since last request: 0.000020 seconds.
  path: Assets/ZerinLabs_enviroKit_RetroForest/Prefabs/Forest_arch_varC/arch_waterfloorEdge_2vert_VarC.prefab
  artifactKey: Guid(8eeb139683287694b8aff785dbd18318) Importer(815301076,1909f56bfc062723c751e8b465ee728b)
Start importing Assets/ZerinLabs_enviroKit_RetroForest/Prefabs/Forest_arch_varC/arch_waterfloorEdge_2vert_VarC.prefab using Guid(8eeb139683287694b8aff785dbd18318) Importer(815301076,1909f56bfc062723c751e8b465ee728b) (PreviewImporter) -> (artifact id: '8db197138537e50d734b2587b0fea38b') in 0.0194837 seconds
Number of updated asset objects reloaded before import = 0Number of asset objects unloaded after import = 9

========================================================================
Received Import Request.
  Time since last request: 0.000025 seconds.
  path: Assets/ZerinLabs_enviroKit_RetroForest/Prefabs/Forest_arch_varC/arch_waterfloorEdge_1vert_VarC.prefab
  artifactKey: Guid(eac9fccea7f4b6c418a9af92243f8775) Importer(815301076,1909f56bfc062723c751e8b465ee728b)
Start importing Assets/ZerinLabs_enviroKit_RetroForest/Prefabs/Forest_arch_varC/arch_waterfloorEdge_1vert_VarC.prefab using Guid(eac9fccea7f4b6c418a9af92243f8775) Importer(815301076,1909f56bfc062723c751e8b465ee728b) (PreviewImporter) -> (artifact id: '6bb0e49f79c92d89e8745b4711634d71') in 0.0201816 seconds
Number of updated asset objects reloaded before import = 0Number of asset objects unloaded after import = 9

========================================================================
Received Import Request.
  Time since last request: 0.000033 seconds.
  path: Assets/ZerinLabs_enviroKit_RetroForest/Prefabs/Forest_arch_varC/arch_waterfloorEdge_corner_1vert_VarC.prefab
  artifactKey: Guid(5ebba455fa0dd204ba9f8e74dd2fdba3) Importer(815301076,1909f56bfc062723c751e8b465ee728b)
Start importing Assets/ZerinLabs_enviroKit_RetroForest/Prefabs/Forest_arch_varC/arch_waterfloorEdge_corner_1vert_VarC.prefab using Guid(5ebba455fa0dd204ba9f8e74dd2fdba3) Importer(815301076,1909f56bfc062723c751e8b465ee728b) (PreviewImporter) -> (artifact id: '4c441f78a541e9f3ef1e12e1b448d5ee') in 0.0189226 seconds
Number of updated asset objects reloaded before import = 0Number of asset objects unloaded after import = 9

========================================================================
Received Import Request.
  Time since last request: 0.512656 seconds.
  path: Assets/ZerinLabs_enviroKit_RetroForest/Prefabs/Forest_arch_varC/arch_waterfloorEdge_corner_VarC.prefab
  artifactKey: Guid(dd5b655c363ae2e47b185a4e323ee76a) Importer(815301076,1909f56bfc062723c751e8b465ee728b)
Start importing Assets/ZerinLabs_enviroKit_RetroForest/Prefabs/Forest_arch_varC/arch_waterfloorEdge_corner_VarC.prefab using Guid(dd5b655c363ae2e47b185a4e323ee76a) Importer(815301076,1909f56bfc062723c751e8b465ee728b) (PreviewImporter) -> (artifact id: 'a0a1758b19211792c81c23f718258d76') in 0.0178888 seconds
Number of updated asset objects reloaded before import = 0Number of asset objects unloaded after import = 9

