Using pre-set license
Built from '6000.0/staging' branch; Version is '6000.0.36f1 (9fe3b5f71dbb) revision 10478517'; Using compiler version '193933523'; Build Type 'Release'
OS: 'Windows 11  (10.0.26100) 64bit Professional' Language: 'es' Physical Memory: 15610 MB
BatchMode: 1, IsHumanControllingUs: 0, StartBugReporterOnCrash: 0, Is64bit: 1, IsPro: 1

COMMAND LINE ARGUMENTS:
C:\Program Files\Unity\Hub\Editor\6000.0.36f1\Editor\Unity.exe
-adb2
-batchMode
-noUpm
-name
AssetImportWorker5
-projectPath
C:/Users/talva/Documents/Proyectos2/Proyectos2/Proyectos 2 Microproyecto
-logFile
Logs/AssetImportWorker5.log
-srvPort
57663
-job-worker-count
7
-background-job-worker-count
8
-gc-helper-count
1
Successfully changed project path to: C:/Users/talva/Documents/Proyectos2/Proyectos2/Proyectos 2 Microproyecto
C:/Users/talva/Documents/Proyectos2/Proyectos2/Proyectos 2 Microproyecto
[UnityMemory] Configuration Parameters - Can be set up in boot.config
    "memorysetup-bucket-allocator-granularity=16"
    "memorysetup-bucket-allocator-bucket-count=8"
    "memorysetup-bucket-allocator-block-size=33554432"
    "memorysetup-bucket-allocator-block-count=8"
    "memorysetup-main-allocator-block-size=16777216"
    "memorysetup-thread-allocator-block-size=16777216"
    "memorysetup-gfx-main-allocator-block-size=16777216"
    "memorysetup-gfx-thread-allocator-block-size=16777216"
    "memorysetup-cache-allocator-block-size=4194304"
    "memorysetup-typetree-allocator-block-size=2097152"
    "memorysetup-profiler-bucket-allocator-granularity=16"
    "memorysetup-profiler-bucket-allocator-bucket-count=8"
    "memorysetup-profiler-bucket-allocator-block-size=33554432"
    "memorysetup-profiler-bucket-allocator-block-count=8"
    "memorysetup-profiler-allocator-block-size=16777216"
    "memorysetup-profiler-editor-allocator-block-size=1048576"
    "memorysetup-temp-allocator-size-main=16777216"
    "memorysetup-job-temp-allocator-block-size=2097152"
    "memorysetup-job-temp-allocator-block-size-background=1048576"
    "memorysetup-job-temp-allocator-reduction-small-platforms=262144"
    "memorysetup-allocator-temp-initial-block-size-main=262144"
    "memorysetup-allocator-temp-initial-block-size-worker=262144"
    "memorysetup-temp-allocator-size-background-worker=32768"
    "memorysetup-temp-allocator-size-job-worker=262144"
    "memorysetup-temp-allocator-size-preload-manager=33554432"
    "memorysetup-temp-allocator-size-nav-mesh-worker=65536"
    "memorysetup-temp-allocator-size-audio-worker=65536"
    "memorysetup-temp-allocator-size-cloud-worker=32768"
    "memorysetup-temp-allocator-size-gi-baking-worker=262144"
    "memorysetup-temp-allocator-size-gi-baking-worker=262144"
    "memorysetup-temp-allocator-size-gi-baking-worker=262144"
    "memorysetup-temp-allocator-size-gi-baking-worker=262144"
    "memorysetup-temp-allocator-size-gi-baking-worker=262144"
    "memorysetup-temp-allocator-size-gfx=262144"
Player connection [23756]  Target information:

Player connection [23756]  * "[IP] 10.186.194.153 [Port] 0 [Flags] 2 [Guid] 3537994904 [EditorId] 3537994904 [Version] 1048832 [Id] WindowsEditor(7,Talvarezubi) [Debug] 1 [PackageName] WindowsEditor [ProjectName] Editor" 

Player connection [23756] Host joined multi-casting on [225.0.0.222:54997]...
Player connection [23756] Host joined alternative multi-casting on [225.0.0.222:34997]...
JobSystem: Creating JobQueue using job-worker-count value 7
Input System module state changed to: Initialized.
[Physics::Module] Initialized fallback backend.
[Physics::Module] Id: 0xdecafbad
Library Redirect Path: Library/
[Physics::Module] Selected backend.
[Physics::Module] Name: PhysX
[Physics::Module] Id: 0xf2b8ea05
[Physics::Module] SDK Version: 4.1.2
[Physics::Module] Integration Version: 1.0.0
[Physics::Module] Threading Mode: Multi-Threaded
Refreshing native plugins compatible for Editor in 2.03 ms, found 3 plugins.
Preloading 0 native plugins for Editor in 0.00 ms.
Initialize engine version: 6000.0.36f1 (9fe3b5f71dbb)
[Subsystems] Discovering subsystems at path C:/Program Files/Unity/Hub/Editor/6000.0.36f1/Editor/Data/Resources/UnitySubsystems
[Subsystems] Discovering subsystems at path C:/Users/talva/Documents/Proyectos2/Proyectos2/Proyectos 2 Microproyecto/Assets
GfxDevice: creating device client; kGfxThreadingModeNonThreaded
Direct3D:
    Version:  Direct3D 11.0 [level 11.1]
    Renderer: NVIDIA GeForce RTX 4060 Laptop GPU (ID=0x28e0)
    Vendor:   NVIDIA
    VRAM:     7957 MB
    Driver:   32.0.15.6636
Initialize mono
Mono path[0] = 'C:/Program Files/Unity/Hub/Editor/6000.0.36f1/Editor/Data/Managed'
Mono path[1] = 'C:/Program Files/Unity/Hub/Editor/6000.0.36f1/Editor/Data/MonoBleedingEdge/lib/mono/unityjit-win32'
Mono config path = 'C:/Program Files/Unity/Hub/Editor/6000.0.36f1/Editor/Data/MonoBleedingEdge/etc'
Using monoOptions --debugger-agent=transport=dt_socket,embedding=1,server=y,suspend=n,address=127.0.0.1:56340
Begin MonoManager ReloadAssembly
Registering precompiled unity dll's ...
Register platform support module: C:/Program Files/Unity/Hub/Editor/6000.0.36f1/Editor/Data/PlaybackEngines/WebGLSupport/UnityEditor.WebGL.Extensions.dll
Register platform support module: C:/Program Files/Unity/Hub/Editor/6000.0.36f1/Editor/Data/PlaybackEngines/WindowsStandaloneSupport/UnityEditor.WindowsStandalone.Extensions.dll
Registered in 0.004585 seconds.
- Loaded All Assemblies, in  0.409 seconds
Native extension for WindowsStandalone target not found
Native extension for WebGL target not found
Mono: successfully reloaded assembly
- Finished resetting the current domain, in  0.299 seconds
Domain Reload Profiling: 704ms
	BeginReloadAssembly (133ms)
		ExecutionOrderSort (0ms)
		DisableScriptedObjects (0ms)
		BackupInstance (0ms)
		ReleaseScriptingObjects (0ms)
		CreateAndSetChildDomain (1ms)
	RebuildCommonClasses (38ms)
	RebuildNativeTypeToScriptingClass (12ms)
	initialDomainReloadingComplete (57ms)
	LoadAllAssembliesAndSetupDomain (164ms)
		LoadAssemblies (130ms)
		RebuildTransferFunctionScriptingTraits (0ms)
		AnalyzeDomain (161ms)
			TypeCache.Refresh (159ms)
				TypeCache.ScanAssembly (147ms)
			BuildScriptInfoCaches (0ms)
			ResolveRequiredComponents (0ms)
	FinalizeReload (299ms)
		ReleaseScriptCaches (0ms)
		RebuildScriptCaches (0ms)
		SetupLoadedEditorAssemblies (259ms)
			LogAssemblyErrors (0ms)
			InitializePlatformSupportModulesInManaged (23ms)
			SetLoadedEditorAssemblies (4ms)
			BeforeProcessingInitializeOnLoad (48ms)
			ProcessInitializeOnLoadAttributes (133ms)
			ProcessInitializeOnLoadMethodAttributes (51ms)
			AfterProcessingInitializeOnLoad (0ms)
			EditorAssembliesLoaded (0ms)
		ExecutionOrderSort2 (0ms)
		AwakeInstancesAfterBackupRestoration (0ms)
Assembly reference Packages/com.unity.cinemachine/Editor/Samples/ExposeHDRPInternals/HDRP-Editor-ref.asmref has no target assembly definition
========================================================================
Worker process is ready to serve import requests
Import Worker Mode flag is 0x00
Assembly reference Packages/com.unity.cinemachine/Editor/Samples/ExposeHDRPInternals/HDRP-Editor-ref.asmref has no target assembly definition
Assembly reference Packages/com.unity.cinemachine/Editor/Samples/ExposeHDRPInternals/HDRP-Editor-ref.asmref has no target assembly definition
Begin MonoManager ReloadAssembly
- Loaded All Assemblies, in  0.714 seconds
Assembly reference Packages/com.unity.cinemachine/Editor/Samples/ExposeHDRPInternals/HDRP-Editor-ref.asmref has no target assembly definition
'Packages/com.unity.cinemachine/Editor/Obsolete/CinemachineVirtualCameraBaseEditor.cs' contains partial class of Unity.Object, exactly 1 of the partial classes needs to be in a file with the same filename. This is to know the one that can be referenced from ie. GameObjects
'Packages/com.unity.cinemachine/Editor/Editors/CinemachineVirtualCameraBaseEditor.cs' contains partial class of Unity.Object, exactly 1 of the partial classes needs to be in a file with the same filename. This is to know the one that can be referenced from ie. GameObjects
Refreshing native plugins compatible for Editor in 1.31 ms, found 3 plugins.
Native extension for WindowsStandalone target not found
Native extension for WebGL target not found
Assembly reference Packages/com.unity.cinemachine/Editor/Samples/ExposeHDRPInternals/HDRP-Editor-ref.asmref has no target assembly definition
Package Manager log level set to [2]
[Package Manager] Failed to launch server process. Reason: Unity was launched with the -noUpm command-line argument
[Package Manager] Unable to send message (not connected to server process).
[Package Manager] Cannot connect to Unity Package Manager local server
Mono: successfully reloaded assembly
- Finished resetting the current domain, in  0.766 seconds
Domain Reload Profiling: 1475ms
	BeginReloadAssembly (157ms)
		ExecutionOrderSort (0ms)
		DisableScriptedObjects (7ms)
		BackupInstance (0ms)
		ReleaseScriptingObjects (0ms)
		CreateAndSetChildDomain (29ms)
	RebuildCommonClasses (32ms)
	RebuildNativeTypeToScriptingClass (10ms)
	initialDomainReloadingComplete (39ms)
	LoadAllAssembliesAndSetupDomain (470ms)
		LoadAssemblies (337ms)
		RebuildTransferFunctionScriptingTraits (0ms)
		AnalyzeDomain (225ms)
			TypeCache.Refresh (161ms)
				TypeCache.ScanAssembly (148ms)
			BuildScriptInfoCaches (50ms)
			ResolveRequiredComponents (12ms)
	FinalizeReload (766ms)
		ReleaseScriptCaches (0ms)
		RebuildScriptCaches (0ms)
		SetupLoadedEditorAssemblies (612ms)
			LogAssemblyErrors (0ms)
			InitializePlatformSupportModulesInManaged (3ms)
			SetLoadedEditorAssemblies (5ms)
			BeforeProcessingInitializeOnLoad (106ms)
			ProcessInitializeOnLoadAttributes (403ms)
			ProcessInitializeOnLoadMethodAttributes (88ms)
			AfterProcessingInitializeOnLoad (7ms)
			EditorAssembliesLoaded (0ms)
		ExecutionOrderSort2 (0ms)
		AwakeInstancesAfterBackupRestoration (6ms)
Launched and connected shader compiler UnityShaderCompiler.exe after 0.01 seconds
Refreshing native plugins compatible for Editor in 1.95 ms, found 3 plugins.
Preloading 0 native plugins for Editor in 0.00 ms.
Unloading 204 Unused Serialized files (Serialized files now loaded: 0)
Unloading 6374 unused Assets / (6.7 MB). Loaded Objects now: 7024.
Memory consumption went from 163.9 MB to 157.2 MB.
Total: 12.005000 ms (FindLiveObjects: 0.748800 ms CreateObjectMapping: 0.805100 ms MarkObjects: 6.114600 ms  DeleteObjects: 4.335300 ms)

========================================================================
Received Import Request.
  Time since last request: 330063.651120 seconds.
  path: Assets/ZerinLabs_enviroKit_RetroForest/Prefabs/Forest_arch_varC/arch_wall_cornerInOut_VarC.prefab
  artifactKey: Guid(e12859b9cc4c8124c883108f508b2e69) Importer(815301076,1909f56bfc062723c751e8b465ee728b)
Start importing Assets/ZerinLabs_enviroKit_RetroForest/Prefabs/Forest_arch_varC/arch_wall_cornerInOut_VarC.prefab using Guid(e12859b9cc4c8124c883108f508b2e69) Importer(815301076,1909f56bfc062723c751e8b465ee728b) (PreviewImporter) -> (artifact id: '61e49173c7f8d2fbdd9d6664c34876fa') in 0.5200956 seconds
Number of updated asset objects reloaded before import = 0Number of asset objects unloaded after import = 11

========================================================================
Received Import Request.
  Time since last request: 0.524001 seconds.
  path: Assets/ZerinLabs_enviroKit_RetroForest/Prefabs/Forest_arch_varC/arch_wallBottom_B_VarC.prefab
  artifactKey: Guid(e3d22893655d4e944aea0e7cce7cbc57) Importer(815301076,1909f56bfc062723c751e8b465ee728b)
Start importing Assets/ZerinLabs_enviroKit_RetroForest/Prefabs/Forest_arch_varC/arch_wallBottom_B_VarC.prefab using Guid(e3d22893655d4e944aea0e7cce7cbc57) Importer(815301076,1909f56bfc062723c751e8b465ee728b) (PreviewImporter) -> (artifact id: '9466cb94eab7594d56cd507fb733168b') in 0.0163092 seconds
Number of updated asset objects reloaded before import = 0Number of asset objects unloaded after import = 9

========================================================================
Received Import Request.
  Time since last request: 0.000023 seconds.
  path: Assets/ZerinLabs_enviroKit_RetroForest/Prefabs/Forest_arch_varC/arch_wallHole_1wall_A_VarC.prefab
  artifactKey: Guid(ef3c54427503df643b764d5e4e641bde) Importer(815301076,1909f56bfc062723c751e8b465ee728b)
Start importing Assets/ZerinLabs_enviroKit_RetroForest/Prefabs/Forest_arch_varC/arch_wallHole_1wall_A_VarC.prefab using Guid(ef3c54427503df643b764d5e4e641bde) Importer(815301076,1909f56bfc062723c751e8b465ee728b) (PreviewImporter) -> (artifact id: '8147034328dbf87efe5ab7f6b6ac36ec') in 0.0173134 seconds
Number of updated asset objects reloaded before import = 0Number of asset objects unloaded after import = 9

========================================================================
Received Import Request.
  Time since last request: 0.000055 seconds.
  path: Assets/ZerinLabs_enviroKit_RetroForest/Prefabs/Forest_arch_varC/arch_wallHole_2walls_A_VarC.prefab
  artifactKey: Guid(5566297d0a4de3d4599d72b58990b8cf) Importer(815301076,1909f56bfc062723c751e8b465ee728b)
Start importing Assets/ZerinLabs_enviroKit_RetroForest/Prefabs/Forest_arch_varC/arch_wallHole_2walls_A_VarC.prefab using Guid(5566297d0a4de3d4599d72b58990b8cf) Importer(815301076,1909f56bfc062723c751e8b465ee728b) (PreviewImporter) -> (artifact id: 'aed803fcd583b885d08727acb3eda273') in 0.0194249 seconds
Number of updated asset objects reloaded before import = 0Number of asset objects unloaded after import = 9

========================================================================
Received Import Request.
  Time since last request: 0.000027 seconds.
  path: Assets/ZerinLabs_enviroKit_RetroForest/Prefabs/Forest_arch_varC/arch_wallMini_cornerIn_VarC.prefab
  artifactKey: Guid(bac0694e19d0d3b46938793ed7d413e8) Importer(815301076,1909f56bfc062723c751e8b465ee728b)
Start importing Assets/ZerinLabs_enviroKit_RetroForest/Prefabs/Forest_arch_varC/arch_wallMini_cornerIn_VarC.prefab using Guid(bac0694e19d0d3b46938793ed7d413e8) Importer(815301076,1909f56bfc062723c751e8b465ee728b) (PreviewImporter) -> (artifact id: '5b6dba0307177a79c8a43cd644073486') in 0.0221532 seconds
Number of updated asset objects reloaded before import = 0Number of asset objects unloaded after import = 9

========================================================================
Received Import Request.
  Time since last request: 0.000056 seconds.
  path: Assets/ZerinLabs_enviroKit_RetroForest/Prefabs/Forest_arch_varC/arch_wallMini_cornerOut_VarC.prefab
  artifactKey: Guid(8584d749d27eeb34fa02c05950a1962d) Importer(815301076,1909f56bfc062723c751e8b465ee728b)
Start importing Assets/ZerinLabs_enviroKit_RetroForest/Prefabs/Forest_arch_varC/arch_wallMini_cornerOut_VarC.prefab using Guid(8584d749d27eeb34fa02c05950a1962d) Importer(815301076,1909f56bfc062723c751e8b465ee728b) (PreviewImporter) -> (artifact id: 'fda5c6c33118fae5ad7b6b6b3d8169b3') in 0.0230678 seconds
Number of updated asset objects reloaded before import = 0Number of asset objects unloaded after import = 9

========================================================================
Received Import Request.
  Time since last request: 0.000025 seconds.
  path: Assets/ZerinLabs_enviroKit_RetroForest/Prefabs/Forest_arch_varC/arch_waterfloorEdge_3lines_VarC.prefab
  artifactKey: Guid(49c54fa6a46e01b45932e05b23c4d3ab) Importer(815301076,1909f56bfc062723c751e8b465ee728b)
Start importing Assets/ZerinLabs_enviroKit_RetroForest/Prefabs/Forest_arch_varC/arch_waterfloorEdge_3lines_VarC.prefab using Guid(49c54fa6a46e01b45932e05b23c4d3ab) Importer(815301076,1909f56bfc062723c751e8b465ee728b) (PreviewImporter) -> (artifact id: 'b7f87f876d4e32283209931daa783057') in 0.0202353 seconds
Number of updated asset objects reloaded before import = 0Number of asset objects unloaded after import = 9

========================================================================
Received Import Request.
  Time since last request: 0.000028 seconds.
  path: Assets/ZerinLabs_enviroKit_RetroForest/Prefabs/Forest_arch_varC/arch_waterfloorEdge_corner_VarC.prefab
  artifactKey: Guid(dd5b655c363ae2e47b185a4e323ee76a) Importer(815301076,1909f56bfc062723c751e8b465ee728b)
Start importing Assets/ZerinLabs_enviroKit_RetroForest/Prefabs/Forest_arch_varC/arch_waterfloorEdge_corner_VarC.prefab using Guid(dd5b655c363ae2e47b185a4e323ee76a) Importer(815301076,1909f56bfc062723c751e8b465ee728b) (PreviewImporter) -> (artifact id: '7c8fce765894eabb469d030c03f42928') in 0.0194366 seconds
Number of updated asset objects reloaded before import = 0Number of asset objects unloaded after import = 9

========================================================================
Received Import Request.
  Time since last request: 0.000023 seconds.
  path: Assets/ZerinLabs_enviroKit_RetroForest/Prefabs/Forest_arch_varC/arch_waterfloorEdge_1line_2vert_VarC.prefab
  artifactKey: Guid(543dde772e3a2c84d9b948a4cb5f3dc0) Importer(815301076,1909f56bfc062723c751e8b465ee728b)
Start importing Assets/ZerinLabs_enviroKit_RetroForest/Prefabs/Forest_arch_varC/arch_waterfloorEdge_1line_2vert_VarC.prefab using Guid(543dde772e3a2c84d9b948a4cb5f3dc0) Importer(815301076,1909f56bfc062723c751e8b465ee728b) (PreviewImporter) -> (artifact id: '0c66fb34706aeefd8d206db472dcfcb0') in 0.0411126 seconds
Number of updated asset objects reloaded before import = 0Number of asset objects unloaded after import = 9

========================================================================
Received Import Request.
  Time since last request: 17.830717 seconds.
  path: Assets/ZerinLabs_enviroKit_RetroForest/Prefabs/Forest_arch_varC/arch_floorEdge_1line_1vertA_VarC.prefab
  artifactKey: Guid(62ba5f94797c74f468b703119c33d9cf) Importer(815301076,1909f56bfc062723c751e8b465ee728b)
Start importing Assets/ZerinLabs_enviroKit_RetroForest/Prefabs/Forest_arch_varC/arch_floorEdge_1line_1vertA_VarC.prefab using Guid(62ba5f94797c74f468b703119c33d9cf) Importer(815301076,1909f56bfc062723c751e8b465ee728b) (PreviewImporter) -> (artifact id: '363c011d59c0b6b6cf0e350158dc48a8') in 0.034397 seconds
Number of updated asset objects reloaded before import = 0Number of asset objects unloaded after import = 9

========================================================================
Received Import Request.
  Time since last request: 0.136863 seconds.
  path: Assets/ZerinLabs_enviroKit_RetroForest/Prefabs/Forest_arch_varC/arch_floorEdge_1line_1vertA_VarC.prefab
  artifactKey: Guid(62ba5f94797c74f468b703119c33d9cf) Importer(815301076,1909f56bfc062723c751e8b465ee728b)
Start importing Assets/ZerinLabs_enviroKit_RetroForest/Prefabs/Forest_arch_varC/arch_floorEdge_1line_1vertA_VarC.prefab using Guid(62ba5f94797c74f468b703119c33d9cf) Importer(815301076,1909f56bfc062723c751e8b465ee728b) (PreviewImporter) -> (artifact id: 'ae995947c03c82ef9f370863e28ba8d2') in 0.0249929 seconds
Number of updated asset objects reloaded before import = 0Number of asset objects unloaded after import = 9

========================================================================
Received Import Request.
  Time since last request: 0.000028 seconds.
  path: Assets/ZerinLabs_enviroKit_RetroForest/Prefabs/Forest_arch_varC/arch_stairs_wallLeft_VarC.prefab
  artifactKey: Guid(c26d5727a7f8bb841a57e9bb794e567c) Importer(815301076,1909f56bfc062723c751e8b465ee728b)
Start importing Assets/ZerinLabs_enviroKit_RetroForest/Prefabs/Forest_arch_varC/arch_stairs_wallLeft_VarC.prefab using Guid(c26d5727a7f8bb841a57e9bb794e567c) Importer(815301076,1909f56bfc062723c751e8b465ee728b) (PreviewImporter) -> (artifact id: '633d0c7b0b4ee42f13c8ace313600ab0') in 0.0529552 seconds
Number of updated asset objects reloaded before import = 0Number of asset objects unloaded after import = 9

========================================================================
Received Import Request.
  Time since last request: 0.000027 seconds.
  path: Assets/ZerinLabs_enviroKit_RetroForest/Prefabs/Forest_arch_varC/arch_floorEdge_1line_1vertB_VarC.prefab
  artifactKey: Guid(dd28460050624eb4aafa4fe057990733) Importer(815301076,1909f56bfc062723c751e8b465ee728b)
Start importing Assets/ZerinLabs_enviroKit_RetroForest/Prefabs/Forest_arch_varC/arch_floorEdge_1line_1vertB_VarC.prefab using Guid(dd28460050624eb4aafa4fe057990733) Importer(815301076,1909f56bfc062723c751e8b465ee728b) (PreviewImporter) -> (artifact id: '6be1b67b72baeb34563535c9c7839c66') in 0.0355617 seconds
Number of updated asset objects reloaded before import = 0Number of asset objects unloaded after import = 9

========================================================================
Received Import Request.
  Time since last request: 0.000028 seconds.
  path: Assets/ZerinLabs_enviroKit_RetroForest/Prefabs/Forest_arch_varC/arch_wall_cornerInCap_A_VarC.prefab
  artifactKey: Guid(fc8374cd30b1f6943a92cfe19edecbe9) Importer(815301076,1909f56bfc062723c751e8b465ee728b)
Start importing Assets/ZerinLabs_enviroKit_RetroForest/Prefabs/Forest_arch_varC/arch_wall_cornerInCap_A_VarC.prefab using Guid(fc8374cd30b1f6943a92cfe19edecbe9) Importer(815301076,1909f56bfc062723c751e8b465ee728b) (PreviewImporter) -> (artifact id: 'bd56c1ce32b8896479721dd710725ef4') in 0.0212649 seconds
Number of updated asset objects reloaded before import = 0Number of asset objects unloaded after import = 9

========================================================================
Received Import Request.
  Time since last request: 0.000023 seconds.
  path: Assets/ZerinLabs_enviroKit_RetroForest/Prefabs/Forest_arch_varC/arch_floorEdge_1vert_VarC.prefab
  artifactKey: Guid(f3eb25809a2566441963b924d83fd3cb) Importer(815301076,1909f56bfc062723c751e8b465ee728b)
Start importing Assets/ZerinLabs_enviroKit_RetroForest/Prefabs/Forest_arch_varC/arch_floorEdge_1vert_VarC.prefab using Guid(f3eb25809a2566441963b924d83fd3cb) Importer(815301076,1909f56bfc062723c751e8b465ee728b) (PreviewImporter) -> (artifact id: 'bd68239281cd11adc4841a8c14b516a0') in 0.0192254 seconds
Number of updated asset objects reloaded before import = 0Number of asset objects unloaded after import = 9

========================================================================
Received Import Request.
  Time since last request: 0.000021 seconds.
  path: Assets/ZerinLabs_enviroKit_RetroForest/Prefabs/Forest_arch_varC/arch_floorHole_VarC.prefab
  artifactKey: Guid(45a25e8721463a64fba63d7fc7a48277) Importer(815301076,1909f56bfc062723c751e8b465ee728b)
Start importing Assets/ZerinLabs_enviroKit_RetroForest/Prefabs/Forest_arch_varC/arch_floorHole_VarC.prefab using Guid(45a25e8721463a64fba63d7fc7a48277) Importer(815301076,1909f56bfc062723c751e8b465ee728b) (PreviewImporter) -> (artifact id: '032bd1a8d630931fb0d6ef1eb80d6563') in 0.0188108 seconds
Number of updated asset objects reloaded before import = 0Number of asset objects unloaded after import = 9

========================================================================
Received Import Request.
  Time since last request: 0.000022 seconds.
  path: Assets/ZerinLabs_enviroKit_RetroForest/Prefabs/Forest_arch_varC/arch_floorEdge_corner_1vert_VarC.prefab
  artifactKey: Guid(2aa43a6fd82e0d94f9fd951239d9e94d) Importer(815301076,1909f56bfc062723c751e8b465ee728b)
Start importing Assets/ZerinLabs_enviroKit_RetroForest/Prefabs/Forest_arch_varC/arch_floorEdge_corner_1vert_VarC.prefab using Guid(2aa43a6fd82e0d94f9fd951239d9e94d) Importer(815301076,1909f56bfc062723c751e8b465ee728b) (PreviewImporter) -> (artifact id: 'da6ba269801a10cbb90ed93303934d8b') in 0.0177389 seconds
Number of updated asset objects reloaded before import = 0Number of asset objects unloaded after import = 9

========================================================================
Received Import Request.
  Time since last request: 0.000022 seconds.
  path: Assets/ZerinLabs_enviroKit_RetroForest/Prefabs/Forest_arch_varC/arch_wall_B_VarC.prefab
  artifactKey: Guid(12594c03789d9144fa1f7c729988e482) Importer(815301076,1909f56bfc062723c751e8b465ee728b)
Start importing Assets/ZerinLabs_enviroKit_RetroForest/Prefabs/Forest_arch_varC/arch_wall_B_VarC.prefab using Guid(12594c03789d9144fa1f7c729988e482) Importer(815301076,1909f56bfc062723c751e8b465ee728b) (PreviewImporter) -> (artifact id: 'ec25f5cf2cb56939665f2c61a344bbdf') in 0.0171512 seconds
Number of updated asset objects reloaded before import = 0Number of asset objects unloaded after import = 9

========================================================================
Received Import Request.
  Time since last request: 0.000023 seconds.
  path: Assets/ZerinLabs_enviroKit_RetroForest/Prefabs/Forest_arch_varC/arch_wall_cornerInCap_B_VarC.prefab
  artifactKey: Guid(0a30e9a8274382f40b4ec1c477a0b354) Importer(815301076,1909f56bfc062723c751e8b465ee728b)
Start importing Assets/ZerinLabs_enviroKit_RetroForest/Prefabs/Forest_arch_varC/arch_wall_cornerInCap_B_VarC.prefab using Guid(0a30e9a8274382f40b4ec1c477a0b354) Importer(815301076,1909f56bfc062723c751e8b465ee728b) (PreviewImporter) -> (artifact id: '1d0bcd931a1da29204160c68adfcd9ae') in 0.0195902 seconds
Number of updated asset objects reloaded before import = 0Number of asset objects unloaded after import = 9

========================================================================
Received Import Request.
  Time since last request: 1.161723 seconds.
  path: Assets/ZerinLabs_enviroKit_RetroForest/Prefabs/Forest_arch_varC/arch_wallBottom_B_VarC.prefab
  artifactKey: Guid(e3d22893655d4e944aea0e7cce7cbc57) Importer(815301076,1909f56bfc062723c751e8b465ee728b)
Start importing Assets/ZerinLabs_enviroKit_RetroForest/Prefabs/Forest_arch_varC/arch_wallBottom_B_VarC.prefab using Guid(e3d22893655d4e944aea0e7cce7cbc57) Importer(815301076,1909f56bfc062723c751e8b465ee728b) (PreviewImporter) -> (artifact id: 'd8a8f1a23fbc32476664709141c1bba0') in 0.0191188 seconds
Number of updated asset objects reloaded before import = 0Number of asset objects unloaded after import = 9

========================================================================
Received Import Request.
  Time since last request: 0.000021 seconds.
  path: Assets/ZerinLabs_enviroKit_RetroForest/Prefabs/Forest_arch_varC/arch_wallHole_1wall_A_VarC.prefab
  artifactKey: Guid(ef3c54427503df643b764d5e4e641bde) Importer(815301076,1909f56bfc062723c751e8b465ee728b)
Start importing Assets/ZerinLabs_enviroKit_RetroForest/Prefabs/Forest_arch_varC/arch_wallHole_1wall_A_VarC.prefab using Guid(ef3c54427503df643b764d5e4e641bde) Importer(815301076,1909f56bfc062723c751e8b465ee728b) (PreviewImporter) -> (artifact id: 'a271b0428a101203e580aa3c30c9a8ca') in 0.0187093 seconds
Number of updated asset objects reloaded before import = 0Number of asset objects unloaded after import = 9

========================================================================
Received Import Request.
  Time since last request: 0.000028 seconds.
  path: Assets/ZerinLabs_enviroKit_RetroForest/Prefabs/Forest_arch_varC/arch_wallBottom_cornerOutDouble_VarC.prefab
  artifactKey: Guid(f8f2e666ce6a0904394e4bbd70ef667f) Importer(815301076,1909f56bfc062723c751e8b465ee728b)
Start importing Assets/ZerinLabs_enviroKit_RetroForest/Prefabs/Forest_arch_varC/arch_wallBottom_cornerOutDouble_VarC.prefab using Guid(f8f2e666ce6a0904394e4bbd70ef667f) Importer(815301076,1909f56bfc062723c751e8b465ee728b) (PreviewImporter) -> (artifact id: '5a9a9665fa6b014f0f7a958d40be923e') in 0.0177299 seconds
Number of updated asset objects reloaded before import = 0Number of asset objects unloaded after import = 9

========================================================================
Received Import Request.
  Time since last request: 0.038489 seconds.
  path: Assets/ZerinLabs_enviroKit_RetroForest/Prefabs/Forest_arch_varC/arch_wallHole_all_A_VarC.prefab
  artifactKey: Guid(27dfead6d75ecc645a516605c0608d19) Importer(815301076,1909f56bfc062723c751e8b465ee728b)
Start importing Assets/ZerinLabs_enviroKit_RetroForest/Prefabs/Forest_arch_varC/arch_wallHole_all_A_VarC.prefab using Guid(27dfead6d75ecc645a516605c0608d19) Importer(815301076,1909f56bfc062723c751e8b465ee728b) (PreviewImporter) -> (artifact id: 'c01a587f119c176fe486a6979b448cde') in 0.0174982 seconds
Number of updated asset objects reloaded before import = 0Number of asset objects unloaded after import = 9

========================================================================
Received Import Request.
  Time since last request: 0.000021 seconds.
  path: Assets/ZerinLabs_enviroKit_RetroForest/Prefabs/Forest_arch_varC/arch_wallMini_cornerIn_VarC.prefab
  artifactKey: Guid(bac0694e19d0d3b46938793ed7d413e8) Importer(815301076,1909f56bfc062723c751e8b465ee728b)
Start importing Assets/ZerinLabs_enviroKit_RetroForest/Prefabs/Forest_arch_varC/arch_wallMini_cornerIn_VarC.prefab using Guid(bac0694e19d0d3b46938793ed7d413e8) Importer(815301076,1909f56bfc062723c751e8b465ee728b) (PreviewImporter) -> (artifact id: '6cee4b5038a4702834e36a56a665d4e6') in 0.0190779 seconds
Number of updated asset objects reloaded before import = 0Number of asset objects unloaded after import = 9

========================================================================
Received Import Request.
  Time since last request: 0.000019 seconds.
  path: Assets/ZerinLabs_enviroKit_RetroForest/Prefabs/Forest_arch_varC/arch_waterfloorEdge_1line_1vertA_VarC.prefab
  artifactKey: Guid(a7ea2f152822bc5488fc7bdb958ed343) Importer(815301076,1909f56bfc062723c751e8b465ee728b)
Start importing Assets/ZerinLabs_enviroKit_RetroForest/Prefabs/Forest_arch_varC/arch_waterfloorEdge_1line_1vertA_VarC.prefab using Guid(a7ea2f152822bc5488fc7bdb958ed343) Importer(815301076,1909f56bfc062723c751e8b465ee728b) (PreviewImporter) -> (artifact id: 'bdac088116965cddbed7c27943352f5a') in 0.0154821 seconds
Number of updated asset objects reloaded before import = 0Number of asset objects unloaded after import = 9

========================================================================
Received Import Request.
  Time since last request: 0.000029 seconds.
  path: Assets/ZerinLabs_enviroKit_RetroForest/Prefabs/Forest_arch_varC/arch_waterfloorEdge_3lines_VarC.prefab
  artifactKey: Guid(49c54fa6a46e01b45932e05b23c4d3ab) Importer(815301076,1909f56bfc062723c751e8b465ee728b)
Start importing Assets/ZerinLabs_enviroKit_RetroForest/Prefabs/Forest_arch_varC/arch_waterfloorEdge_3lines_VarC.prefab using Guid(49c54fa6a46e01b45932e05b23c4d3ab) Importer(815301076,1909f56bfc062723c751e8b465ee728b) (PreviewImporter) -> (artifact id: '1395ab8479b14d89a3cbe432f41b634e') in 0.0196409 seconds
Number of updated asset objects reloaded before import = 0Number of asset objects unloaded after import = 9

========================================================================
Received Import Request.
  Time since last request: 0.000022 seconds.
  path: Assets/ZerinLabs_enviroKit_RetroForest/Prefabs/Forest_arch_varC/arch_waterfloorEdge_1line_1vertB_VarC.prefab
  artifactKey: Guid(d25344d3c82ed6b408e8bb3dbdc4774d) Importer(815301076,1909f56bfc062723c751e8b465ee728b)
Start importing Assets/ZerinLabs_enviroKit_RetroForest/Prefabs/Forest_arch_varC/arch_waterfloorEdge_1line_1vertB_VarC.prefab using Guid(d25344d3c82ed6b408e8bb3dbdc4774d) Importer(815301076,1909f56bfc062723c751e8b465ee728b) (PreviewImporter) -> (artifact id: 'e8881c9aa5620a4e0e77afef6aeb6ff6') in 0.0179742 seconds
Number of updated asset objects reloaded before import = 0Number of asset objects unloaded after import = 9

========================================================================
Received Import Request.
  Time since last request: 0.000033 seconds.
  path: Assets/ZerinLabs_enviroKit_RetroForest/Prefabs/Forest_arch_varC/arch_waterfloorEdge_4vert_VarC.prefab
  artifactKey: Guid(bf1475c803d096f45b11f607bccc29d0) Importer(815301076,1909f56bfc062723c751e8b465ee728b)
Start importing Assets/ZerinLabs_enviroKit_RetroForest/Prefabs/Forest_arch_varC/arch_waterfloorEdge_4vert_VarC.prefab using Guid(bf1475c803d096f45b11f607bccc29d0) Importer(815301076,1909f56bfc062723c751e8b465ee728b) (PreviewImporter) -> (artifact id: 'ebb68153315ea18012bba973028415b8') in 0.0182483 seconds
Number of updated asset objects reloaded before import = 0Number of asset objects unloaded after import = 9

